{"level":"info","ts":"1735800215.161577","msg":"file2json() loading JSON file testvectors/config_runFile_BatchProof.json","pid":"","tid":"505ec40","version":"v9.0.0-RC3"}
20250102_064335_161787 865fb9c 505ec40 Version: v9.0.0-RC3
Checking error channel; ignore this trace
20250102_064335_161817 865fb9c 505ec40 zkWarning: Checking warning channel; ignore this trace
20250102_064335_161819 865fb9c 505ec40 Config file: testvectors/config_runFile_BatchProof.json
20250102_064335_175007 865fb9c 505ec40 Number of cores=192
20250102_064335_175056 865fb9c 505ec40 Vectorization based on AVX2
20250102_064335_177436 865fb9c 505ec40 IP address=172.19.25.127,172.18.0.1,172.17.0.1,172.16.0.2
20250102_064335_177446 865fb9c 505ec40 Configuration:
20250102_064335_177448 865fb9c 505ec40     proverID=865fb9ca-3411-49e4-9ac2-0279b87438bd
20250102_064335_177450 865fb9c 505ec40     proverName=UNSPECIFIED
20250102_064335_177452 865fb9c 505ec40     runExecutorServer=0
20250102_064335_177453 865fb9c 505ec40     runHashDBServer=1
20250102_064335_177455 865fb9c 505ec40     runAggregatorClient=0
20250102_064335_177456 865fb9c 505ec40     runFileGenBatchProof=true
20250102_064335_177457 865fb9c 505ec40     executeInParallel=1
20250102_064335_177459 865fb9c 505ec40     useMainExecGenerated=1
20250102_064335_177460 865fb9c 505ec40     executorTimeStatistics=0
20250102_064335_177461 865fb9c 505ec40     saveOutputToFile=true
20250102_064335_177463 865fb9c 505ec40     saveProofToFile=true
20250102_064335_177464 865fb9c 505ec40     logExecutorServerTxs=true
20250102_064335_177465 865fb9c 505ec40     executorServerPort=50071
20250102_064335_177467 865fb9c 505ec40     executorClientPort=50071
20250102_064335_177468 865fb9c 505ec40     executorClientHost=127.0.0.1
20250102_064335_177469 865fb9c 505ec40     executorClientLoops=1
20250102_064335_177470 865fb9c 505ec40     executorClientCheckNewStateRoot=0
20250102_064335_177472 865fb9c 505ec40     executorClientResetDB=0
20250102_064335_177473 865fb9c 505ec40     executorClientClearCache=1
20250102_064335_177474 865fb9c 505ec40     hashDBServerPort=50061
20250102_064335_177475 865fb9c 505ec40     hashDBURL=local
20250102_064335_177477 865fb9c 505ec40     hashDBSingleton=1
20250102_064335_177478 865fb9c 505ec40     aggregatorServerPort=50081
20250102_064335_177479 865fb9c 505ec40     aggregatorClientPort=50081
20250102_064335_177480 865fb9c 505ec40     aggregatorClientHost=127.0.0.1
20250102_064335_177481 865fb9c 505ec40     aggregatorClientMockTimeout=60000000
20250102_064335_177483 865fb9c 505ec40     aggregatorClientWatchdogTimeout=60000000
20250102_064335_177484 865fb9c 505ec40     aggregatorClientMaxStreams=0
20250102_064335_177485 865fb9c 505ec40     aggregatorClientMaxRecvMsgSize=1073741824
20250102_064335_177486 865fb9c 505ec40     inputFile=testvectors/pay/20uop-0.json
20250102_064335_177488 865fb9c 505ec40     inputFile2=testvectors/pay/20uop-1.json
20250102_064335_177489 865fb9c 505ec40     outputPath=runtime/output
20250102_064335_177490 865fb9c 505ec40     configPath=config
20250102_064335_177491 865fb9c 505ec40     zkevmCmPols=
20250102_064335_177493 865fb9c 505ec40     c12aCmPols=runtime/c12a.commit
20250102_064335_177494 865fb9c 505ec40     recursive1CmPols=
20250102_064335_177495 865fb9c 505ec40     zkevmConstPols=config/zkevm/zkevm.const
20250102_064335_177496 865fb9c 505ec40     c12aConstPols=config/c12a/c12a.const
20250102_064335_177498 865fb9c 505ec40     mapConstPolsFile=0
20250102_064335_177499 865fb9c 505ec40     zkevmConstantsTree=config/zkevm/zkevm.consttree
20250102_064335_177500 865fb9c 505ec40     c12aConstantsTree=config/c12a/c12a.consttree
20250102_064335_177501 865fb9c 505ec40     mapConstantsTreeFile=0
20250102_064335_177503 865fb9c 505ec40     finalVerkey=config/final/final.fflonk.verkey.json
20250102_064335_177504 865fb9c 505ec40     zkevmVerifier=config/zkevm/zkevm.verifier.dat
20250102_064335_177505 865fb9c 505ec40     zkevmVerkey=config/zkevm/zkevm.verkey.json
20250102_064335_177507 865fb9c 505ec40     c12aVerkey=config/c12a/c12a.verkey.json
20250102_064335_177508 865fb9c 505ec40     recursive1Verifier=config/recursive1/recursive1.verifier.dat
20250102_064335_177509 865fb9c 505ec40     recursive1Verkey=config/recursive1/recursive1.verkey.json
20250102_064335_177511 865fb9c 505ec40     recursive2Verifier=config/recursive2/recursive2.verifier.dat
20250102_064335_177512 865fb9c 505ec40     recursive2Verkey=config/recursive2/recursive2.verkey.json
20250102_064335_177513 865fb9c 505ec40     recursivefVerifier=config/recursivef/recursivef.verifier.dat
20250102_064335_177514 865fb9c 505ec40     recursivefVerkey=config/recursivef/recursivef.verkey.json
20250102_064335_177515 865fb9c 505ec40     finalVerifier=config/final/final.verifier.dat
20250102_064335_177517 865fb9c 505ec40     finalStarkZkey=config/final/final.fflonk.zkey
20250102_064335_177518 865fb9c 505ec40     zkevmCHelpers=config/zkevm/zkevm.chelpers.bin
20250102_064335_177519 865fb9c 505ec40     c12aCHelpers=config/c12a/c12a.chelpers.bin
20250102_064335_177521 865fb9c 505ec40     recursive1CHelpers=config/recursive1/recursive1.chelpers.bin
20250102_064335_177522 865fb9c 505ec40     recursive2CHelpers=config/recursive2/recursive2.chelpers.bin
20250102_064335_177523 865fb9c 505ec40     recursivefCHelpers=config/recursivef/recursivef.chelpers.bin
20250102_064335_177524 865fb9c 505ec40     zkevmGenericCHelpers=config/zkevm/zkevm.chelpers_generic.bin
20250102_064335_177526 865fb9c 505ec40     c12aGenericCHelpers=config/c12a/c12a.chelpers_generic.bin
20250102_064335_177527 865fb9c 505ec40     recursive1GenericCHelpers=config/recursive1/recursive1.chelpers_generic.bin
20250102_064335_177529 865fb9c 505ec40     recursive2GenericCHelpers=config/recursive2/recursive2.chelpers_generic.bin
20250102_064335_177530 865fb9c 505ec40     recursivefGenericCHelpers=config/recursivef/recursivef.chelpers_generic.bin
20250102_064335_177531 865fb9c 505ec40     publicsOutput=public.json
20250102_064335_177532 865fb9c 505ec40     proofFile=proof.json
20250102_064335_177534 865fb9c 505ec40     keccakScriptFile=config/scripts/keccak_script.json
20250102_064335_177535 865fb9c 505ec40     sha256ScriptFile=config/scripts/sha256_script.json
20250102_064335_177536 865fb9c 505ec40     keccakPolsFile=keccak_pols.json
20250102_064335_177537 865fb9c 505ec40     sha256PolsFile=sha256_connections.json
20250102_064335_177538 865fb9c 505ec40     keccakConnectionsFile=keccak_connections.json
20250102_064335_177539 865fb9c 505ec40     storageRomFile=config/scripts/storage_sm_rom.json
20250102_064335_177541 865fb9c 505ec40     zkevmStarkInfo=config/zkevm/zkevm.starkinfo.json
20250102_064335_177542 865fb9c 505ec40     c12aStarkInfo=config/c12a/c12a.starkinfo.json
20250102_064335_177543 865fb9c 505ec40     databaseURL=local...
20250102_064335_177544 865fb9c 505ec40     dbNodesTableName=state.nodes
20250102_064335_177546 865fb9c 505ec40     dbProgramTableName=state.program
20250102_064335_177547 865fb9c 505ec40     dbMultiWrite=1
20250102_064335_177548 865fb9c 505ec40     dbMultiWriteSingleQuerySize=20971520
20250102_064335_177549 865fb9c 505ec40     dbConnectionsPool=1
20250102_064335_177550 865fb9c 505ec40     dbNumberOfPoolConnections=30
20250102_064335_177552 865fb9c 505ec40     dbMetrics=1
20250102_064335_177553 865fb9c 505ec40     dbClearCache=0
20250102_064335_177554 865fb9c 505ec40     dbGetTree=1
20250102_064335_177555 865fb9c 505ec40     dbReadOnly=0
20250102_064335_177557 865fb9c 505ec40     dbReadRetryCounter=10
20250102_064335_177559 865fb9c 505ec40     dbReadRetryDelay=100000
20250102_064335_177560 865fb9c 505ec40     stateManager=1
20250102_064335_177561 865fb9c 505ec40     stateManagerPurge=1
20250102_064335_177562 865fb9c 505ec40     cleanerPollingPeriod=600
20250102_064335_177563 865fb9c 505ec40     requestsPersistence=3600
20250102_064335_177564 865fb9c 505ec40     maxExecutorThreads=20
20250102_064335_177566 865fb9c 505ec40     maxExecutorReceiveMessageSize=1073741824
20250102_064335_177567 865fb9c 505ec40     maxExecutorSendMessageSize=0
20250102_064335_177568 865fb9c 505ec40     maxHashDBThreads=8
20250102_064335_177569 865fb9c 505ec40     dbMTCacheSize=8192
20250102_064335_177571 865fb9c 505ec40     dbProgramCacheSize=1024
20250102_064335_177572 865fb9c 505ec40     fullTracerTraceReserveSize=262144
20250102_064335_177573 865fb9c 505ec40 --> WHOLE_PROCESS starting...
20250102_064335_177711 865fb9c 505ec40 --> GOLDILOCKS_PRECOMPUTED_INIT starting...
20250102_064335_630651 865fb9c 505ec40 <-- GOLDILOCKS_PRECOMPUTED_INIT done: 0.452916 s
20250102_064335_632276 865fb9c 505ec40 --> PROVER_CONSTRUCTOR starting...
20250102_064335_632309 865fb9c 505ec40 --> ROM_LOAD starting...
20250102_064335_632312 865fb9c 505ec40 file2json() loading JSON file src/main_sm/fork_1/scripts/rom.json
20250102_064335_652208 865fb9c 505ec40 ROM size: 4925 lines
20250102_064335_723745 865fb9c 505ec40 <-- ROM_LOAD done: 0.091434 s
20250102_064335_727153 865fb9c 505ec40 --> ROM_LOAD starting...
20250102_064335_727162 865fb9c 505ec40 file2json() loading JSON file src/main_sm/fork_2/scripts/rom.json
20250102_064335_743474 865fb9c 505ec40 ROM size: 4944 lines
20250102_064335_816661 865fb9c 505ec40 <-- ROM_LOAD done: 0.089506 s
20250102_064335_820097 865fb9c 505ec40 --> ROM_LOAD starting...
20250102_064335_820107 865fb9c 505ec40 file2json() loading JSON file src/main_sm/fork_3/scripts/rom.json
20250102_064335_836674 865fb9c 505ec40 ROM size: 5014 lines
20250102_064335_911128 865fb9c 505ec40 <-- ROM_LOAD done: 0.091029 s
20250102_064335_914778 865fb9c 505ec40 --> ROM_LOAD starting...
20250102_064335_914786 865fb9c 505ec40 file2json() loading JSON file src/main_sm/fork_4/scripts/rom.json
20250102_064335_931455 865fb9c 505ec40 ROM size: 5017 lines
20250102_064336_005165 865fb9c 505ec40 <-- ROM_LOAD done: 0.090385 s
20250102_064336_009309 865fb9c 505ec40 --> ROM_LOAD starting...
20250102_064336_009322 865fb9c 505ec40 file2json() loading JSON file src/main_sm/fork_5/scripts/rom.json
20250102_064336_026568 865fb9c 505ec40 ROM size: 5045 lines
20250102_064336_102168 865fb9c 505ec40 <-- ROM_LOAD done: 0.092866 s
20250102_064336_105709 865fb9c 505ec40 --> ROM_LOAD starting...
20250102_064336_105717 865fb9c 505ec40 file2json() loading JSON file src/main_sm/fork_6/scripts/rom.json
20250102_064336_122321 865fb9c 505ec40 ROM size: 5049 lines
20250102_064336_195421 865fb9c 505ec40 <-- ROM_LOAD done: 0.089709 s
20250102_064336_198970 865fb9c 505ec40 --> ROM_LOAD starting...
20250102_064336_198979 865fb9c 505ec40 file2json() loading JSON file src/main_sm/fork_7/scripts/rom.json
20250102_064336_250542 865fb9c 505ec40 ROM size: 13179 lines
20250102_064336_486852 865fb9c 505ec40 <-- ROM_LOAD done: 0.287870 s
20250102_064336_498243 865fb9c 505ec40 --> ROM_LOAD starting...
20250102_064336_498256 865fb9c 505ec40 file2json() loading JSON file src/main_sm/fork_8/scripts/rom.json
20250102_064336_543675 865fb9c 505ec40 ROM size: 13260 lines
20250102_064336_746100 865fb9c 505ec40 <-- ROM_LOAD done: 0.247852 s
20250102_064336_757374 865fb9c 505ec40 --> ROM_LOAD starting...
20250102_064336_757391 865fb9c 505ec40 file2json() loading JSON file src/main_sm/fork_9/scripts/rom.json
20250102_064336_803459 865fb9c 505ec40 ROM size: 13268 lines
20250102_064337_005220 865fb9c 505ec40 <-- ROM_LOAD done: 0.247842 s
20250102_064337_016894 865fb9c 505ec40 --> ROM_LOAD starting...
20250102_064337_016907 865fb9c 505ec40 file2json() loading JSON file src/main_sm/fork_10/scripts/rom_10.json
20250102_064337_062747 865fb9c 505ec40 ROM size: 13268 lines
20250102_064337_285958 865fb9c 505ec40 file2json() loading JSON file src/main_sm/fork_10/scripts/rom_11.json
20250102_064337_331649 865fb9c 505ec40 ROM size: 13268 lines
20250102_064337_537421 865fb9c 505ec40 <-- ROM_LOAD done: 0.520521 s
20250102_064337_547877 865fb9c 505ec40 --> ROM_LOAD starting...
20250102_064337_547892 865fb9c 505ec40 file2json() loading JSON file src/main_sm/fork_12/scripts/rom_12.json
20250102_064337_595110 865fb9c 505ec40 ROM size: 13269 lines
20250102_064337_798414 865fb9c 505ec40 <-- ROM_LOAD done: 0.250531 s
20250102_064337_808935 865fb9c 505ec40 --> ROM_LOAD starting...
20250102_064337_808949 865fb9c 505ec40 file2json() loading JSON file src/main_sm/fork_13/scripts/rom_13.json
20250102_064337_864377 865fb9c 505ec40 ROM size: 15034 lines
20250102_064338_096469 865fb9c 505ec40 <-- ROM_LOAD done: 0.287526 s
20250102_064338_109464 865fb9c 505ec40 file2json() loading JSON file config/scripts/storage_sm_rom.json
20250102_064338_112145 865fb9c 505ec40 --> BINARY_EXECUTOR starting...
20250102_064338_112155 865fb9c 505ec40 --> BINARY_BUILD_FACTORS starting...
20250102_064338_635317 865fb9c 505ec40 <-- BINARY_BUILD_FACTORS done: 0.523137 s
20250102_064338_635353 865fb9c 505ec40 --> BINARY_BUILD_RESET starting...
20250102_064338_912607 865fb9c 505ec40 <-- BINARY_BUILD_RESET done: 0.277217 s
20250102_064338_912640 865fb9c 505ec40 <-- BINARY_EXECUTOR done: 0.800495 s
20250102_064338_912679 865fb9c 505ec40 --> KECCAK_F_SM_EXECUTOR_LOAD starting...
20250102_064338_912683 865fb9c 505ec40 file2json() loading JSON file config/scripts/keccak_script.json
20250102_064340_000412 865fb9c 505ec40 <-- KECCAK_F_SM_EXECUTOR_LOAD done: 1.087682 s
20250102_064340_413052 865fb9c 505ec40 --> SHA256_F_SM_EXECUTOR_LOAD starting...
20250102_064340_413085 865fb9c 505ec40 file2json() loading JSON file config/scripts/sha256_script.json
20250102_064340_663404 865fb9c 505ec40 <-- SHA256_F_SM_EXECUTOR_LOAD done: 0.250341 s
20250102_064340_707834 865fb9c 505ec40 --> PROVER_INIT starting...
20250102_064340_708238 865fb9c 505ec40 --> STARK_INFO_LOAD starting...
20250102_064340_708248 865fb9c 505ec40 file2json() loading JSON file config/zkevm/zkevm.starkinfo.json
20250102_064340_708321 865fb9c ea00640 proverThread() started
20250102_064340_708398 865fb9c e000640 cleanerThread() started
20250102_064341_352563 865fb9c 505ec40 <-- STARK_INFO_LOAD done: 0.644308 s
20250102_064341_527547 865fb9c 505ec40 Prover::Prover() successfully allocated 685584154624 bytes
20250102_064341_527581 865fb9c 505ec40 file2json() loading JSON file config/final/final.fflonk.verkey.json
20250102_064341_527697 865fb9c 505ec40 <-- PROVER_INIT done: 0.819868 s
20250102_064341_527706 865fb9c 505ec40 --> PROVER_INIT_STARKINFO starting...
20250102_064341_527710 865fb9c 505ec40 <-- PROVER_INIT_STARKINFO done: 0.000003 s
20250102_064341_527712 865fb9c 505ec40 --> PROVER_INIT_STARK_ZKEVM starting...
20250102_064341_527728 865fb9c 505ec40 --> STARK_INFO_LOAD starting...
20250102_064341_527733 865fb9c 505ec40 file2json() loading JSON file config/zkevm/zkevm.starkinfo.json
20250102_064342_130890 865fb9c 505ec40 <-- STARK_INFO_LOAD done: 0.603127 s
20250102_064343_077483 865fb9c 505ec40 --> STARK_CONSTRUCTOR starting...
20250102_064343_077514 865fb9c 505ec40 --> LOAD_CONST_POLS_TO_MEMORY starting...
20250102_064349_760962 865fb9c 505ec40 Starks::Starks() successfully copied 63082332160 bytes from constant file config/zkevm/zkevm.const
20250102_064349_761023 865fb9c 505ec40 <-- LOAD_CONST_POLS_TO_MEMORY done: 6.683502 s
20250102_064349_761033 865fb9c 505ec40 --> CALCULATE_CONST_TREE_TO_MEMORY starting...
20250102_064349_761097 865fb9c 505ec40 --> EXTEND_CONST_POLS starting...
20250102_064413_117865 865fb9c 505ec40 <-- EXTEND_CONST_POLS done: 23.356732 s
20250102_064413_117902 865fb9c 505ec40 --> MERKELIZE_CONST_TREE starting...
20250102_064444_452899 865fb9c 505ec40 <-- MERKELIZE_CONST_TREE done: 31.334965 s
20250102_064444_453007 865fb9c 505ec40 MerkleTree rootGL C: [ 2104822479315342548 4366928639156294434 2170403529016766619 5246074130351334085 ]
20250102_064444_453013 865fb9c 505ec40 <-- CALCULATE_CONST_TREE_TO_MEMORY done: 54.691983 s
20250102_064444_453016 865fb9c 505ec40 --> COMPUTE_X_N_AND_X_2_NS starting...
20250102_064445_067208 865fb9c 505ec40 <-- COMPUTE_X_N_AND_X_2_NS done: 0.614171 s
20250102_064445_067235 865fb9c 505ec40 --> COMPUTE_ZHINV starting...
20250102_064445_078448 865fb9c 505ec40 <-- COMPUTE_ZHINV done: 0.011205 s
20250102_064446_492621 865fb9c 505ec40 --> MERKLE_TREE_ALLOCATION starting...
20250102_064446_492695 865fb9c 505ec40 <-- MERKLE_TREE_ALLOCATION done: 0.000083 s
20250102_064446_492702 865fb9c 505ec40 --> CHELPERS_ALLOCATION starting...
20250102_064446_494413 865fb9c 505ec40 <-- CHELPERS_ALLOCATION done: 0.001706 s
20250102_064446_494428 865fb9c 505ec40 <-- STARK_CONSTRUCTOR done: 63.416953 s
20250102_064446_494437 865fb9c 505ec40 <-- PROVER_INIT_STARK_ZKEVM done: 64.966724 s
20250102_064446_494439 865fb9c 505ec40 --> PROVER_INIT_STARK_C12A starting...
20250102_064446_494444 865fb9c 505ec40 --> STARK_INFO_LOAD starting...
20250102_064446_494446 865fb9c 505ec40 file2json() loading JSON file config/c12a/c12a.starkinfo.json
20250102_064446_558037 865fb9c 505ec40 <-- STARK_INFO_LOAD done: 0.063586 s
20250102_064446_626213 865fb9c 505ec40 --> STARK_CONSTRUCTOR starting...
20250102_064446_626245 865fb9c 505ec40 --> LOAD_CONST_POLS_TO_MEMORY starting...
20250102_064446_672341 865fb9c 505ec40 Starks::Starks() successfully copied 436207616 bytes from constant file config/c12a/c12a.const
20250102_064446_672381 865fb9c 505ec40 <-- LOAD_CONST_POLS_TO_MEMORY done: 0.046130 s
20250102_064446_672384 865fb9c 505ec40 --> CALCULATE_CONST_TREE_TO_MEMORY starting...
20250102_064446_672404 865fb9c 505ec40 --> EXTEND_CONST_POLS starting...
20250102_064447_247117 865fb9c 505ec40 <-- EXTEND_CONST_POLS done: 0.574689 s
20250102_064447_247226 865fb9c 505ec40 --> MERKELIZE_CONST_TREE starting...
20250102_064447_769218 865fb9c 505ec40 <-- MERKELIZE_CONST_TREE done: 0.521974 s
20250102_064447_769314 865fb9c 505ec40 MerkleTree rootGL C: [ 15458659641723577433 8248631462175755505 14984853029309172396 2402997905678412639 ]
20250102_064447_769337 865fb9c 505ec40 <-- CALCULATE_CONST_TREE_TO_MEMORY done: 1.096953 s
20250102_064447_769358 865fb9c 505ec40 --> COMPUTE_X_N_AND_X_2_NS starting...
20250102_064447_784470 865fb9c 505ec40 <-- COMPUTE_X_N_AND_X_2_NS done: 0.015107 s
20250102_064447_784531 865fb9c 505ec40 --> COMPUTE_ZHINV starting...
20250102_064447_784936 865fb9c 505ec40 <-- COMPUTE_ZHINV done: 0.000402 s
20250102_064447_903558 865fb9c 505ec40 --> MERKLE_TREE_ALLOCATION starting...
20250102_064447_903711 865fb9c 505ec40 <-- MERKLE_TREE_ALLOCATION done: 0.000153 s
20250102_064447_903751 865fb9c 505ec40 --> CHELPERS_ALLOCATION starting...
20250102_064447_904202 865fb9c 505ec40 <-- CHELPERS_ALLOCATION done: 0.000448 s
20250102_064447_904244 865fb9c 505ec40 <-- STARK_CONSTRUCTOR done: 1.278037 s
20250102_064447_904278 865fb9c 505ec40 <-- PROVER_INIT_STARK_C12A done: 1.409838 s
20250102_064447_904312 865fb9c 505ec40 --> PROVER_INIT_STARK_RECURSIVE1 starting...
20250102_064447_904346 865fb9c 505ec40 --> STARK_INFO_LOAD starting...
20250102_064447_904380 865fb9c 505ec40 file2json() loading JSON file config/recursive1/recursive1.starkinfo.json
20250102_064447_977475 865fb9c 505ec40 <-- STARK_INFO_LOAD done: 0.073121 s
20250102_064448_008901 865fb9c 505ec40 --> STARK_CONSTRUCTOR starting...
20250102_064448_008932 865fb9c 505ec40 --> LOAD_CONST_POLS_TO_MEMORY starting...
20250102_064448_023631 865fb9c 505ec40 Starks::Starks() successfully copied 54525952 bytes from constant file config/recursive1/recursive1.const
20250102_064448_023647 865fb9c 505ec40 <-- LOAD_CONST_POLS_TO_MEMORY done: 0.014711 s
20250102_064448_023650 865fb9c 505ec40 --> CALCULATE_CONST_TREE_TO_MEMORY starting...
20250102_064448_023679 865fb9c 505ec40 --> EXTEND_CONST_POLS starting...
20250102_064448_176681 865fb9c 505ec40 <-- EXTEND_CONST_POLS done: 0.152979 s
20250102_064448_176712 865fb9c 505ec40 --> MERKELIZE_CONST_TREE starting...
20250102_064448_379378 865fb9c 505ec40 <-- MERKELIZE_CONST_TREE done: 0.202653 s
20250102_064448_379457 865fb9c 505ec40 MerkleTree rootGL C: [ 15876765253182209076 4731459387229270139 5588641386553653440 14458325118987946524 ]
20250102_064448_379481 865fb9c 505ec40 <-- CALCULATE_CONST_TREE_TO_MEMORY done: 0.355831 s
20250102_064448_379502 865fb9c 505ec40 --> COMPUTE_X_N_AND_X_2_NS starting...
20250102_064448_382903 865fb9c 505ec40 <-- COMPUTE_X_N_AND_X_2_NS done: 0.003397 s
20250102_064448_382960 865fb9c 505ec40 --> COMPUTE_ZHINV starting...
20250102_064448_383511 865fb9c 505ec40 <-- COMPUTE_ZHINV done: 0.000549 s
20250102_064448_401890 865fb9c 505ec40 --> MERKLE_TREE_ALLOCATION starting...
20250102_064448_401989 865fb9c 505ec40 <-- MERKLE_TREE_ALLOCATION done: 0.000099 s
20250102_064448_402016 865fb9c 505ec40 --> CHELPERS_ALLOCATION starting...
20250102_064448_402442 865fb9c 505ec40 <-- CHELPERS_ALLOCATION done: 0.000423 s
20250102_064448_402475 865fb9c 505ec40 <-- STARK_CONSTRUCTOR done: 0.393580 s
20250102_064448_402512 865fb9c 505ec40 <-- PROVER_INIT_STARK_RECURSIVE1 done: 0.498199 s
20250102_064448_402547 865fb9c 505ec40 --> PROVER_INIT_STARK_RECURSIVE2 starting...
20250102_064448_402580 865fb9c 505ec40 --> STARK_INFO_LOAD starting...
20250102_064448_402682 865fb9c 505ec40 file2json() loading JSON file config/recursive2/recursive2.starkinfo.json
20250102_064448_475045 865fb9c 505ec40 <-- STARK_INFO_LOAD done: 0.072455 s
20250102_064448_508308 865fb9c 505ec40 --> STARK_CONSTRUCTOR starting...
20250102_064448_508443 865fb9c 505ec40 --> LOAD_CONST_POLS_TO_MEMORY starting...
20250102_064448_525527 865fb9c 505ec40 Starks::Starks() successfully copied 54525952 bytes from constant file config/recursive2/recursive2.const
20250102_064448_525583 865fb9c 505ec40 <-- LOAD_CONST_POLS_TO_MEMORY done: 0.017134 s
20250102_064448_525628 865fb9c 505ec40 --> CALCULATE_CONST_TREE_TO_MEMORY starting...
20250102_064448_525689 865fb9c 505ec40 --> EXTEND_CONST_POLS starting...
20250102_064448_654496 865fb9c 505ec40 <-- EXTEND_CONST_POLS done: 0.128782 s
20250102_064448_654647 865fb9c 505ec40 --> MERKELIZE_CONST_TREE starting...
20250102_064448_787213 865fb9c 505ec40 <-- MERKELIZE_CONST_TREE done: 0.132558 s
20250102_064448_787297 865fb9c 505ec40 MerkleTree rootGL C: [ 10654083750979505212 1963723958139695882 2581943760366559008 10844217739783143179 ]
20250102_064448_787304 865fb9c 505ec40 <-- CALCULATE_CONST_TREE_TO_MEMORY done: 0.261675 s
20250102_064448_787306 865fb9c 505ec40 --> COMPUTE_X_N_AND_X_2_NS starting...
20250102_064448_790916 865fb9c 505ec40 <-- COMPUTE_X_N_AND_X_2_NS done: 0.003606 s
20250102_064448_790954 865fb9c 505ec40 --> COMPUTE_ZHINV starting...
20250102_064448_791097 865fb9c 505ec40 <-- COMPUTE_ZHINV done: 0.000140 s
20250102_064448_809434 865fb9c 505ec40 --> MERKLE_TREE_ALLOCATION starting...
20250102_064448_809532 865fb9c 505ec40 <-- MERKLE_TREE_ALLOCATION done: 0.000098 s
20250102_064448_809568 865fb9c 505ec40 --> CHELPERS_ALLOCATION starting...
20250102_064448_810029 865fb9c 505ec40 <-- CHELPERS_ALLOCATION done: 0.000457 s
20250102_064448_810071 865fb9c 505ec40 <-- STARK_CONSTRUCTOR done: 0.301767 s
20250102_064448_810102 865fb9c 505ec40 <-- PROVER_INIT_STARK_RECURSIVE2 done: 0.407554 s
20250102_064448_810131 865fb9c 505ec40 --> PROVER_INIT_STARK_RECURSIVEF starting...
20250102_064448_810159 865fb9c 505ec40 --> STARK_INFO_LOAD starting...
20250102_064448_810188 865fb9c 505ec40 file2json() loading JSON file config/recursivef/recursivef.starkinfo.json
20250102_064448_868298 865fb9c 505ec40 <-- STARK_INFO_LOAD done: 0.058135 s
20250102_064448_900804 865fb9c 505ec40 --> LOAD_RECURSIVE_F_CONST_POLS_TO_MEMORY starting...
20250102_064448_905497 865fb9c 505ec40 StarkRecursiveF::StarkRecursiveF() successfully copied 40894464 bytes from constant file config/recursivef/recursivef.const
20250102_064448_905558 865fb9c 505ec40 <-- LOAD_RECURSIVE_F_CONST_POLS_TO_MEMORY done: 0.004755 s
20250102_064448_905599 865fb9c 505ec40 --> CALCULATE_CONST_TREE_TO_MEMORY starting...
20250102_064448_905644 865fb9c 505ec40 --> EXTEND_CONST_POLS starting...
20250102_064449_070042 865fb9c 505ec40 <-- EXTEND_CONST_POLS done: 0.164376 s
20250102_064449_070155 865fb9c 505ec40 --> MERKELIZE_CONST_TREE starting...
20250102_064451_951543 865fb9c 505ec40 <-- MERKELIZE_CONST_TREE done: 2.881374 s
20250102_064451_951710 865fb9c 505ec40 MerkleTree root C: [ 10532766375213099422863205037519184469597751053335901573615526345836075057856 ]
20250102_064451_951745 865fb9c 505ec40 <-- CALCULATE_CONST_TREE_TO_MEMORY done: 3.046159 s
20250102_064451_951771 865fb9c 505ec40 --> COMPUTE_X_N_AND_X_2_NS starting...
20250102_064451_966174 865fb9c 505ec40 <-- COMPUTE_X_N_AND_X_2_NS done: 0.014399 s
20250102_064452_028724 865fb9c 505ec40 --> COMPUTE_ZHINV starting...
20250102_064452_029423 865fb9c 505ec40 <-- COMPUTE_ZHINV done: 0.000698 s
20250102_064452_029464 865fb9c 505ec40 --> CHELPERS_ALLOCATION starting...
20250102_064452_029926 865fb9c 505ec40 <-- CHELPERS_ALLOCATION done: 0.000457 s
20250102_064452_029977 865fb9c 505ec40 <-- PROVER_INIT_STARK_RECURSIVEF done: 3.219843 s
20250102_064452_030093 865fb9c 505ec40 <-- PROVER_CONSTRUCTOR done: 76.397815 s
20250102_064452_030128 865fb9c 505ec40 Launching HashDB server thread...
20250102_064452_030341 865fb9c 505ec40 --> INPUT_LOAD starting...
20250102_064452_030400 865fb9c 505ec40 file2json() loading JSON file testvectors/pay/20uop-0.json
20250102_064452_032644 865fb9c d600640 HashDB server listening on 0.0.0.0:50061
20250102_064452_041304 865fb9c 505ec40 <-- INPUT_LOAD done: 0.010961 s
20250102_064452_041642 865fb9c 505ec40 --> PROVER_BATCH_PROOF starting...
20250102_064452_041900 865fb9c 505ec40 MEMORY INFO , MemTotal: 1527816.761719 MB, MemFree: 1244117.703125 MB, MemAvailable: 1307940.976562 MB, Buffers: 1138.187500 MB, Cached: 74077.203125 MB, SwapCached: 0.000000 MB, SwapTotal: 0.000000 MB, SwapFree: 0.000000 MB, VM: 882439.007812 MB, RSS: 47.797113 MB
20250102_064452_041999 865fb9c 505ec40 PROCESS INFO, Pid: 888408, User time: 10468.800000 s, Kernel time: 610.840000 s, Total time: 11079.640000 s, Num threads: 200, Virtual mem: 882439 MB
20250102_064452_042008 865fb9c 505ec40 Prover::genBatchProof() timestamp: 20250102_064452_030396
20250102_064452_042010 865fb9c 505ec40 Prover::genBatchProof() UUID: 69d95e95-a5fe-4579-b121-597ba7dbce35
20250102_064452_042057 865fb9c 505ec40 Prover::genBatchProof() input file: runtime/output/20250102_064452_030396_69d95e95-a5fe-4579-b121-597ba7dbce35.2237.gen_batch_proof_input.json
20250102_064452_042061 865fb9c 505ec40 --> EXECUTOR_EXECUTE_INITIALIZATION starting...
20250102_064456_307072 865fb9c 505ec40 <-- EXECUTOR_EXECUTE_INITIALIZATION done: 4.264988 s
20250102_064456_307099 865fb9c 505ec40 --> EXECUTOR_EXECUTE_BATCH_PROOF starting...
20250102_064456_308030 865fb9c 505ec40 --> MAIN_EXECUTOR_EXECUTE starting...
20250102_064527_701867 865fb9c 505ec40 FullTracer::onError() error=revert zkPC=1292 rom= inFREE=1 inFREE0=0 freeInTag={} mOp=1 offset=36 offsetLabel=originCTX useCTX=1 setB=1 cmdAfter[0]={ op=functionCall funcName=eventLog params[0]={ op=getVar varName=onError } params[1]={ op=getVar varName=revert }} fileName=create-terminate-context.zkasm line=835 lineStr=    $ => B          :MLOAD(originCTX) block=2251 responses.size=1
20250102_064527_703692 865fb9c 505ec40 FullTracer::onError() error=revert zkPC=1292 rom= inFREE=1 inFREE0=0 freeInTag={} mOp=1 offset=36 offsetLabel=originCTX useCTX=1 setB=1 cmdAfter[0]={ op=functionCall funcName=eventLog params[0]={ op=getVar varName=onError } params[1]={ op=getVar varName=revert }} fileName=create-terminate-context.zkasm line=835 lineStr=    $ => B          :MLOAD(originCTX) block=2251 responses.size=1
20250102_064527_817709 865fb9c 505ec40 FullTracer::onError() error=revert zkPC=1292 rom= inFREE=1 inFREE0=0 freeInTag={} mOp=1 offset=36 offsetLabel=originCTX useCTX=1 setB=1 cmdAfter[0]={ op=functionCall funcName=eventLog params[0]={ op=getVar varName=onError } params[1]={ op=getVar varName=revert }} fileName=create-terminate-context.zkasm line=835 lineStr=    $ => B          :MLOAD(originCTX) block=2251 responses.size=1
20250102_064527_818584 865fb9c 505ec40 FullTracer::onError() error=revert zkPC=1292 rom= inFREE=1 inFREE0=0 freeInTag={} mOp=1 offset=36 offsetLabel=originCTX useCTX=1 setB=1 cmdAfter[0]={ op=functionCall funcName=eventLog params[0]={ op=getVar varName=onError } params[1]={ op=getVar varName=revert }} fileName=create-terminate-context.zkasm line=835 lineStr=    $ => B          :MLOAD(originCTX) block=2251 responses.size=1
20250102_064527_932001 865fb9c 505ec40 FullTracer::onError() error=revert zkPC=1292 rom= inFREE=1 inFREE0=0 freeInTag={} mOp=1 offset=36 offsetLabel=originCTX useCTX=1 setB=1 cmdAfter[0]={ op=functionCall funcName=eventLog params[0]={ op=getVar varName=onError } params[1]={ op=getVar varName=revert }} fileName=create-terminate-context.zkasm line=835 lineStr=    $ => B          :MLOAD(originCTX) block=2251 responses.size=1
20250102_064527_932893 865fb9c 505ec40 FullTracer::onError() error=revert zkPC=1292 rom= inFREE=1 inFREE0=0 freeInTag={} mOp=1 offset=36 offsetLabel=originCTX useCTX=1 setB=1 cmdAfter[0]={ op=functionCall funcName=eventLog params[0]={ op=getVar varName=onError } params[1]={ op=getVar varName=revert }} fileName=create-terminate-context.zkasm line=835 lineStr=    $ => B          :MLOAD(originCTX) block=2251 responses.size=1
20250102_064528_018874 865fb9c 505ec40 FullTracer::onError() error=revert zkPC=1292 rom= inFREE=1 inFREE0=0 freeInTag={} mOp=1 offset=36 offsetLabel=originCTX useCTX=1 setB=1 cmdAfter[0]={ op=functionCall funcName=eventLog params[0]={ op=getVar varName=onError } params[1]={ op=getVar varName=revert }} fileName=create-terminate-context.zkasm line=835 lineStr=    $ => B          :MLOAD(originCTX) block=2251 responses.size=1
20250102_064528_019339 865fb9c 505ec40 FullTracer::onError() error=revert zkPC=1292 rom= inFREE=1 inFREE0=0 freeInTag={} mOp=1 offset=36 offsetLabel=originCTX useCTX=1 setB=1 cmdAfter[0]={ op=functionCall funcName=eventLog params[0]={ op=getVar varName=onError } params[1]={ op=getVar varName=revert }} fileName=create-terminate-context.zkasm line=835 lineStr=    $ => B          :MLOAD(originCTX) block=2251 responses.size=1
20250102_064528_076253 865fb9c 505ec40 FullTracer::onError() error=revert zkPC=1292 rom= inFREE=1 inFREE0=0 freeInTag={} mOp=1 offset=36 offsetLabel=originCTX useCTX=1 setB=1 cmdAfter[0]={ op=functionCall funcName=eventLog params[0]={ op=getVar varName=onError } params[1]={ op=getVar varName=revert }} fileName=create-terminate-context.zkasm line=835 lineStr=    $ => B          :MLOAD(originCTX) block=2251 responses.size=1
20250102_064528_076744 865fb9c 505ec40 FullTracer::onError() error=revert zkPC=1292 rom= inFREE=1 inFREE0=0 freeInTag={} mOp=1 offset=36 offsetLabel=originCTX useCTX=1 setB=1 cmdAfter[0]={ op=functionCall funcName=eventLog params[0]={ op=getVar varName=onError } params[1]={ op=getVar varName=revert }} fileName=create-terminate-context.zkasm line=835 lineStr=    $ => B          :MLOAD(originCTX) block=2251 responses.size=1
20250102_064528_137852 865fb9c 505ec40 FullTracer::onError() error=revert zkPC=1292 rom= inFREE=1 inFREE0=0 freeInTag={} mOp=1 offset=36 offsetLabel=originCTX useCTX=1 setB=1 cmdAfter[0]={ op=functionCall funcName=eventLog params[0]={ op=getVar varName=onError } params[1]={ op=getVar varName=revert }} fileName=create-terminate-context.zkasm line=835 lineStr=    $ => B          :MLOAD(originCTX) block=2251 responses.size=1
20250102_064528_138353 865fb9c 505ec40 FullTracer::onError() error=revert zkPC=1292 rom= inFREE=1 inFREE0=0 freeInTag={} mOp=1 offset=36 offsetLabel=originCTX useCTX=1 setB=1 cmdAfter[0]={ op=functionCall funcName=eventLog params[0]={ op=getVar varName=onError } params[1]={ op=getVar varName=revert }} fileName=create-terminate-context.zkasm line=835 lineStr=    $ => B          :MLOAD(originCTX) block=2251 responses.size=1
20250102_064528_195380 865fb9c 505ec40 FullTracer::onError() error=revert zkPC=1292 rom= inFREE=1 inFREE0=0 freeInTag={} mOp=1 offset=36 offsetLabel=originCTX useCTX=1 setB=1 cmdAfter[0]={ op=functionCall funcName=eventLog params[0]={ op=getVar varName=onError } params[1]={ op=getVar varName=revert }} fileName=create-terminate-context.zkasm line=835 lineStr=    $ => B          :MLOAD(originCTX) block=2251 responses.size=1
20250102_064528_195878 865fb9c 505ec40 FullTracer::onError() error=revert zkPC=1292 rom= inFREE=1 inFREE0=0 freeInTag={} mOp=1 offset=36 offsetLabel=originCTX useCTX=1 setB=1 cmdAfter[0]={ op=functionCall funcName=eventLog params[0]={ op=getVar varName=onError } params[1]={ op=getVar varName=revert }} fileName=create-terminate-context.zkasm line=835 lineStr=    $ => B          :MLOAD(originCTX) block=2251 responses.size=1
20250102_064528_253030 865fb9c 505ec40 FullTracer::onError() error=revert zkPC=1292 rom= inFREE=1 inFREE0=0 freeInTag={} mOp=1 offset=36 offsetLabel=originCTX useCTX=1 setB=1 cmdAfter[0]={ op=functionCall funcName=eventLog params[0]={ op=getVar varName=onError } params[1]={ op=getVar varName=revert }} fileName=create-terminate-context.zkasm line=835 lineStr=    $ => B          :MLOAD(originCTX) block=2251 responses.size=1
20250102_064528_253529 865fb9c 505ec40 FullTracer::onError() error=revert zkPC=1292 rom= inFREE=1 inFREE0=0 freeInTag={} mOp=1 offset=36 offsetLabel=originCTX useCTX=1 setB=1 cmdAfter[0]={ op=functionCall funcName=eventLog params[0]={ op=getVar varName=onError } params[1]={ op=getVar varName=revert }} fileName=create-terminate-context.zkasm line=835 lineStr=    $ => B          :MLOAD(originCTX) block=2251 responses.size=1
20250102_064528_314437 865fb9c 505ec40 FullTracer::onError() error=revert zkPC=1292 rom= inFREE=1 inFREE0=0 freeInTag={} mOp=1 offset=36 offsetLabel=originCTX useCTX=1 setB=1 cmdAfter[0]={ op=functionCall funcName=eventLog params[0]={ op=getVar varName=onError } params[1]={ op=getVar varName=revert }} fileName=create-terminate-context.zkasm line=835 lineStr=    $ => B          :MLOAD(originCTX) block=2251 responses.size=1
20250102_064528_314910 865fb9c 505ec40 FullTracer::onError() error=revert zkPC=1292 rom= inFREE=1 inFREE0=0 freeInTag={} mOp=1 offset=36 offsetLabel=originCTX useCTX=1 setB=1 cmdAfter[0]={ op=functionCall funcName=eventLog params[0]={ op=getVar varName=onError } params[1]={ op=getVar varName=revert }} fileName=create-terminate-context.zkasm line=835 lineStr=    $ => B          :MLOAD(originCTX) block=2251 responses.size=1
20250102_064528_371860 865fb9c 505ec40 FullTracer::onError() error=revert zkPC=1292 rom= inFREE=1 inFREE0=0 freeInTag={} mOp=1 offset=36 offsetLabel=originCTX useCTX=1 setB=1 cmdAfter[0]={ op=functionCall funcName=eventLog params[0]={ op=getVar varName=onError } params[1]={ op=getVar varName=revert }} fileName=create-terminate-context.zkasm line=835 lineStr=    $ => B          :MLOAD(originCTX) block=2251 responses.size=1
20250102_064528_372317 865fb9c 505ec40 FullTracer::onError() error=revert zkPC=1292 rom= inFREE=1 inFREE0=0 freeInTag={} mOp=1 offset=36 offsetLabel=originCTX useCTX=1 setB=1 cmdAfter[0]={ op=functionCall funcName=eventLog params[0]={ op=getVar varName=onError } params[1]={ op=getVar varName=revert }} fileName=create-terminate-context.zkasm line=835 lineStr=    $ => B          :MLOAD(originCTX) block=2251 responses.size=1
20250102_064535_267803 865fb9c 505ec40 FullTracer::onError() error=revert zkPC=1292 rom= inFREE=1 inFREE0=0 freeInTag={} mOp=1 offset=36 offsetLabel=originCTX useCTX=1 setB=1 cmdAfter[0]={ op=functionCall funcName=eventLog params[0]={ op=getVar varName=onError } params[1]={ op=getVar varName=revert }} fileName=create-terminate-context.zkasm line=835 lineStr=    $ => B          :MLOAD(originCTX) block=2251 responses.size=2
20250102_064535_268315 865fb9c 505ec40 FullTracer::onError() error=revert zkPC=1292 rom= inFREE=1 inFREE0=0 freeInTag={} mOp=1 offset=36 offsetLabel=originCTX useCTX=1 setB=1 cmdAfter[0]={ op=functionCall funcName=eventLog params[0]={ op=getVar varName=onError } params[1]={ op=getVar varName=revert }} fileName=create-terminate-context.zkasm line=835 lineStr=    $ => B          :MLOAD(originCTX) block=2251 responses.size=2
20250102_064535_331268 865fb9c 505ec40 FullTracer::onError() error=revert zkPC=1292 rom= inFREE=1 inFREE0=0 freeInTag={} mOp=1 offset=36 offsetLabel=originCTX useCTX=1 setB=1 cmdAfter[0]={ op=functionCall funcName=eventLog params[0]={ op=getVar varName=onError } params[1]={ op=getVar varName=revert }} fileName=create-terminate-context.zkasm line=835 lineStr=    $ => B          :MLOAD(originCTX) block=2251 responses.size=2
20250102_064535_331799 865fb9c 505ec40 FullTracer::onError() error=revert zkPC=1292 rom= inFREE=1 inFREE0=0 freeInTag={} mOp=1 offset=36 offsetLabel=originCTX useCTX=1 setB=1 cmdAfter[0]={ op=functionCall funcName=eventLog params[0]={ op=getVar varName=onError } params[1]={ op=getVar varName=revert }} fileName=create-terminate-context.zkasm line=835 lineStr=    $ => B          :MLOAD(originCTX) block=2251 responses.size=2
20250102_064535_398782 865fb9c 505ec40 FullTracer::onError() error=revert zkPC=1292 rom= inFREE=1 inFREE0=0 freeInTag={} mOp=1 offset=36 offsetLabel=originCTX useCTX=1 setB=1 cmdAfter[0]={ op=functionCall funcName=eventLog params[0]={ op=getVar varName=onError } params[1]={ op=getVar varName=revert }} fileName=create-terminate-context.zkasm line=835 lineStr=    $ => B          :MLOAD(originCTX) block=2251 responses.size=2
20250102_064535_399284 865fb9c 505ec40 FullTracer::onError() error=revert zkPC=1292 rom= inFREE=1 inFREE0=0 freeInTag={} mOp=1 offset=36 offsetLabel=originCTX useCTX=1 setB=1 cmdAfter[0]={ op=functionCall funcName=eventLog params[0]={ op=getVar varName=onError } params[1]={ op=getVar varName=revert }} fileName=create-terminate-context.zkasm line=835 lineStr=    $ => B          :MLOAD(originCTX) block=2251 responses.size=2
20250102_064535_462088 865fb9c 505ec40 FullTracer::onError() error=revert zkPC=1292 rom= inFREE=1 inFREE0=0 freeInTag={} mOp=1 offset=36 offsetLabel=originCTX useCTX=1 setB=1 cmdAfter[0]={ op=functionCall funcName=eventLog params[0]={ op=getVar varName=onError } params[1]={ op=getVar varName=revert }} fileName=create-terminate-context.zkasm line=835 lineStr=    $ => B          :MLOAD(originCTX) block=2251 responses.size=2
20250102_064535_462609 865fb9c 505ec40 FullTracer::onError() error=revert zkPC=1292 rom= inFREE=1 inFREE0=0 freeInTag={} mOp=1 offset=36 offsetLabel=originCTX useCTX=1 setB=1 cmdAfter[0]={ op=functionCall funcName=eventLog params[0]={ op=getVar varName=onError } params[1]={ op=getVar varName=revert }} fileName=create-terminate-context.zkasm line=835 lineStr=    $ => B          :MLOAD(originCTX) block=2251 responses.size=2
20250102_064535_525561 865fb9c 505ec40 FullTracer::onError() error=revert zkPC=1292 rom= inFREE=1 inFREE0=0 freeInTag={} mOp=1 offset=36 offsetLabel=originCTX useCTX=1 setB=1 cmdAfter[0]={ op=functionCall funcName=eventLog params[0]={ op=getVar varName=onError } params[1]={ op=getVar varName=revert }} fileName=create-terminate-context.zkasm line=835 lineStr=    $ => B          :MLOAD(originCTX) block=2251 responses.size=2
20250102_064535_526072 865fb9c 505ec40 FullTracer::onError() error=revert zkPC=1292 rom= inFREE=1 inFREE0=0 freeInTag={} mOp=1 offset=36 offsetLabel=originCTX useCTX=1 setB=1 cmdAfter[0]={ op=functionCall funcName=eventLog params[0]={ op=getVar varName=onError } params[1]={ op=getVar varName=revert }} fileName=create-terminate-context.zkasm line=835 lineStr=    $ => B          :MLOAD(originCTX) block=2251 responses.size=2
20250102_064535_592743 865fb9c 505ec40 FullTracer::onError() error=revert zkPC=1292 rom= inFREE=1 inFREE0=0 freeInTag={} mOp=1 offset=36 offsetLabel=originCTX useCTX=1 setB=1 cmdAfter[0]={ op=functionCall funcName=eventLog params[0]={ op=getVar varName=onError } params[1]={ op=getVar varName=revert }} fileName=create-terminate-context.zkasm line=835 lineStr=    $ => B          :MLOAD(originCTX) block=2251 responses.size=2
20250102_064535_593226 865fb9c 505ec40 FullTracer::onError() error=revert zkPC=1292 rom= inFREE=1 inFREE0=0 freeInTag={} mOp=1 offset=36 offsetLabel=originCTX useCTX=1 setB=1 cmdAfter[0]={ op=functionCall funcName=eventLog params[0]={ op=getVar varName=onError } params[1]={ op=getVar varName=revert }} fileName=create-terminate-context.zkasm line=835 lineStr=    $ => B          :MLOAD(originCTX) block=2251 responses.size=2
20250102_064535_656021 865fb9c 505ec40 FullTracer::onError() error=revert zkPC=1292 rom= inFREE=1 inFREE0=0 freeInTag={} mOp=1 offset=36 offsetLabel=originCTX useCTX=1 setB=1 cmdAfter[0]={ op=functionCall funcName=eventLog params[0]={ op=getVar varName=onError } params[1]={ op=getVar varName=revert }} fileName=create-terminate-context.zkasm line=835 lineStr=    $ => B          :MLOAD(originCTX) block=2251 responses.size=2
20250102_064535_656520 865fb9c 505ec40 FullTracer::onError() error=revert zkPC=1292 rom= inFREE=1 inFREE0=0 freeInTag={} mOp=1 offset=36 offsetLabel=originCTX useCTX=1 setB=1 cmdAfter[0]={ op=functionCall funcName=eventLog params[0]={ op=getVar varName=onError } params[1]={ op=getVar varName=revert }} fileName=create-terminate-context.zkasm line=835 lineStr=    $ => B          :MLOAD(originCTX) block=2251 responses.size=2
20250102_064535_719110 865fb9c 505ec40 FullTracer::onError() error=revert zkPC=1292 rom= inFREE=1 inFREE0=0 freeInTag={} mOp=1 offset=36 offsetLabel=originCTX useCTX=1 setB=1 cmdAfter[0]={ op=functionCall funcName=eventLog params[0]={ op=getVar varName=onError } params[1]={ op=getVar varName=revert }} fileName=create-terminate-context.zkasm line=835 lineStr=    $ => B          :MLOAD(originCTX) block=2251 responses.size=2
20250102_064535_719630 865fb9c 505ec40 FullTracer::onError() error=revert zkPC=1292 rom= inFREE=1 inFREE0=0 freeInTag={} mOp=1 offset=36 offsetLabel=originCTX useCTX=1 setB=1 cmdAfter[0]={ op=functionCall funcName=eventLog params[0]={ op=getVar varName=onError } params[1]={ op=getVar varName=revert }} fileName=create-terminate-context.zkasm line=835 lineStr=    $ => B          :MLOAD(originCTX) block=2251 responses.size=2
20250102_064535_786757 865fb9c 505ec40 FullTracer::onError() error=revert zkPC=1292 rom= inFREE=1 inFREE0=0 freeInTag={} mOp=1 offset=36 offsetLabel=originCTX useCTX=1 setB=1 cmdAfter[0]={ op=functionCall funcName=eventLog params[0]={ op=getVar varName=onError } params[1]={ op=getVar varName=revert }} fileName=create-terminate-context.zkasm line=835 lineStr=    $ => B          :MLOAD(originCTX) block=2251 responses.size=2
20250102_064535_787259 865fb9c 505ec40 FullTracer::onError() error=revert zkPC=1292 rom= inFREE=1 inFREE0=0 freeInTag={} mOp=1 offset=36 offsetLabel=originCTX useCTX=1 setB=1 cmdAfter[0]={ op=functionCall funcName=eventLog params[0]={ op=getVar varName=onError } params[1]={ op=getVar varName=revert }} fileName=create-terminate-context.zkasm line=835 lineStr=    $ => B          :MLOAD(originCTX) block=2251 responses.size=2
20250102_064535_850331 865fb9c 505ec40 FullTracer::onError() error=revert zkPC=1292 rom= inFREE=1 inFREE0=0 freeInTag={} mOp=1 offset=36 offsetLabel=originCTX useCTX=1 setB=1 cmdAfter[0]={ op=functionCall funcName=eventLog params[0]={ op=getVar varName=onError } params[1]={ op=getVar varName=revert }} fileName=create-terminate-context.zkasm line=835 lineStr=    $ => B          :MLOAD(originCTX) block=2251 responses.size=2
20250102_064535_850835 865fb9c 505ec40 FullTracer::onError() error=revert zkPC=1292 rom= inFREE=1 inFREE0=0 freeInTag={} mOp=1 offset=36 offsetLabel=originCTX useCTX=1 setB=1 cmdAfter[0]={ op=functionCall funcName=eventLog params[0]={ op=getVar varName=onError } params[1]={ op=getVar varName=revert }} fileName=create-terminate-context.zkasm line=835 lineStr=    $ => B          :MLOAD(originCTX) block=2251 responses.size=2
20250102_064543_597567 865fb9c 505ec40 Database map: dbMetrics MT.size=0 cached=61406times=29326us=0us/time db=0times=0us=0us/time cacheHitRatio=100% PROGRAM.size=0 cached=162times=730us=4us/time db=0times=0us=0us/time cacheHitRatio=100% GET_TREE 0times=0us=0us/time=0fields=0.000000fields/time=0us/field
20250102_064543_597616 865fb9c 505ec40 main_exec_generated_13() done lastStep=13392627 (39.913139%)
20250102_064543_631078 865fb9c 505ec40 <-- MAIN_EXECUTOR_EXECUTE done: 47.322208 s
20250102_064543_631366 865fb9c 9200640 --> STORAGE_SM_EXECUTE_THREAD starting...
20250102_064543_632397 865fb9c fe00640 --> PADDING_PG_SM_EXECUTE_THREAD starting...
20250102_064543_633345 865fb9c f400640 --> ARITH_SM_EXECUTE_THREAD starting...
20250102_064543_634268 865fb9c ea00640 --> BINARY_SM_EXECUTE_THREAD starting...
20250102_064543_634974 865fb9c e000640 --> MEM_ALIGN_SM_EXECUTE_THREAD starting...
20250102_064543_635646 865fb9c d600640 --> MEMORY_SM_EXECUTE_THREAD starting...
20250102_064543_636443 865fb9c d600640 --> MEMORY_EXECUTOR_REORDER starting...
20250102_064543_636618 865fb9c cc00640 --> PADDING_KK_SM_EXECUTE_THREAD starting...
20250102_064543_637167 865fb9c 3e00640 --> PADDING_SHA256_SM_EXECUTE_THREAD starting...
20250102_064546_069311 865fb9c f400640 ArithExecutor successfully processed 88924 arith actions (8.480453%)
20250102_064546_108517 865fb9c f400640 <-- ARITH_SM_EXECUTE_THREAD done: 2.475249 s
20250102_064549_644493 865fb9c d600640 <-- MEMORY_EXECUTOR_REORDER done: 6.008035 s
20250102_064559_545730 865fb9c d600640 MemoryExecutor successfully processed 5395315 memory accesses (16.079292%)
20250102_064559_576381 865fb9c d600640 <-- MEMORY_SM_EXECUTE_THREAD done: 15.940788 s
20250102_064559_720725 865fb9c e000640 MemAlignExecutor successfully processed 19812 memory align actions (1.889420%)
20250102_064559_720767 865fb9c e000640 <-- MEM_ALIGN_SM_EXECUTE_THREAD done: 16.085843 s
20250102_064600_016217 865fb9c fe00640 PaddingPGExecutor successfully processed 186 Poseidon hashes p=33554432 pDone=961632 (2.865887%)
20250102_064600_016273 865fb9c fe00640 <-- PADDING_PG_SM_EXECUTE_THREAD done: 16.383957 s
20250102_064601_154159 865fb9c ea00640 BinaryExecutor successfully processed 513615 binary actions (24.491072%)
20250102_064601_157990 865fb9c ea00640 <-- BINARY_SM_EXECUTE_THREAD done: 17.523842 s
20250102_064602_422358 865fb9c cc00640 PaddingKKExecutor successfully processed 347 Keccak hashes p=33554432 pDone=110704 (0.329924%)
20250102_064602_422394 865fb9c cc00640 <-- PADDING_KK_SM_EXECUTE_THREAD done: 18.785827 s
20250102_064602_422396 865fb9c cc00640 --> PADDING_KK_BIT_SM_EXECUTE_THREAD starting...
20250102_064602_430373 865fb9c 3e00640 PaddingSha256Executor successfully processed 40 Sha256 hashes p=33554432 pDone=6400 (0.019073%)
20250102_064602_430406 865fb9c 3e00640 <-- PADDING_SHA256_SM_EXECUTE_THREAD done: 18.793275 s
20250102_064602_430409 865fb9c 3e00640 --> PADDING_SHA256_BIT_SM_EXECUTE_THREAD starting...
20250102_064602_549864 865fb9c 3e00640 PaddingKKBitExecutor successfully processed 7455 Keccak actions p=5725440 pDone=5725440 (17.063141%)
20250102_064602_549895 865fb9c 3e00640 <-- PADDING_SHA256_BIT_SM_EXECUTE_THREAD done: 0.119485 s
20250102_064602_549897 865fb9c 3e00640 --> BITS2FIELDSHA256_SM_EXECUTE_THREAD starting...
20250102_064602_727563 865fb9c 3e00640 Bits2FieldSha256Executor successfully processed 7455 Sha256 hashes (99.941254%)
20250102_064602_727614 865fb9c 3e00640 <-- BITS2FIELDSHA256_SM_EXECUTE_THREAD done: 0.177715 s
20250102_064602_727617 865fb9c 3e00640 --> SHA256_F_SM_EXECUTE_THREAD starting...
20250102_064602_923748 865fb9c cc00640 PaddingKKBitExecutor successfully processed 9504 Keccak actions p=18941472 pDone=18941472 (56.449986%)
20250102_064602_923788 865fb9c cc00640 <-- PADDING_KK_BIT_SM_EXECUTE_THREAD done: 0.501390 s
20250102_064602_923790 865fb9c cc00640 --> BITS2FIELD_SM_EXECUTE_THREAD starting...
20250102_064603_294904 865fb9c cc00640 Bits2FieldExecutor successfully processed 9504 Keccak hashes (99.962282%)
20250102_064603_294938 865fb9c cc00640 <-- BITS2FIELD_SM_EXECUTE_THREAD done: 0.371146 s
20250102_064603_295048 865fb9c cc00640 --> KECCAK_F_SM_EXECUTE_THREAD starting...
20250102_064603_402999 865fb9c cc00640 KeccakFExecutor successfully processed 216 Keccak-F actions (99.962282%)
20250102_064603_403030 865fb9c cc00640 <-- KECCAK_F_SM_EXECUTE_THREAD done: 0.107980 s
20250102_064603_442159 865fb9c 3e00640 Sha256FExecutor successfully processed 1065 Sha256-F actions (99.941254%)
20250102_064603_442196 865fb9c 3e00640 <-- SHA256_F_SM_EXECUTE_THREAD done: 0.714577 s
20250102_064607_045557 865fb9c 9200640 StorageExecutor successfully processed 2755 SMT actions (0.674084%)
20250102_064607_045612 865fb9c 9200640 <-- STORAGE_SM_EXECUTE_THREAD done: 23.414318 s
20250102_064607_045902 865fb9c 9200640 --> CLIMB_KEY_SM_EXECUTE_THREAD starting...
20250102_064607_045969 865fb9c fe00640 --> POSEIDON_G_SM_EXECUTE_THREAD starting...
20250102_064607_463952 865fb9c 9200640 ClimbKeyExecutor successfully processed 26509 climbkey actions (0.316012%)
20250102_064607_463986 865fb9c 9200640 <-- CLIMB_KEY_SM_EXECUTE_THREAD done: 0.418101 s
20250102_064608_564326 865fb9c fe00640 PoseidonGExecutor successfully processed 55957 Poseidon hashes p=33554432 pDone=1734667 (5.169711%)
20250102_064608_564369 865fb9c fe00640 <-- POSEIDON_G_SM_EXECUTE_THREAD done: 1.518418 s
20250102_064608_740322 865fb9c 505ec40 <-- EXECUTOR_EXECUTE_BATCH_PROOF done: 72.433202 s
20250102_064608_740365 865fb9c 505ec40 Prover::genBatchProof() called executor.execute() oldStateRoot=9b0eb28f4162bd52c5ad9651ea51038ac6ba7ce9f2a254cb8186c137e12d56f3 newStateRoot=0x91887a5d624106aafe99b9ff699fe4168e2bef9004035ed63f12ab96695cd617 pols.B[0]=9b0eb28f:4162bd52:c5ad9651:ea51038a:c6ba7ce9:f2a254cb:8186c137:e12d56f3 pols.SR[lastN]=91887a5d:624106aa:fe99b9ff:699fe416:8e2bef90:4035ed6:3f12ab96:695cd617 lastN=33554431
20250102_064608_740373 865fb9c 505ec40 Prover::genBatchProof() called executor.execute() oldAccInputHash=0 newAccInputHash=0xd938fff6bcf7f2ed2482b2425f486998d8d77b53118813797f9d03b2deb77642 pols.C[0]=0:0:0:0:0:0:0:0 pols.D[lastN]=d938fff6:bcf7f2ed:2482b242:5f486998:d8d77b53:11881379:7f9d03b2:deb77642 lastN=33554431
20250102_064608_740377 865fb9c 505ec40 --> SAVE_PUBLICS_JSON_BATCH_PROOF starting...
20250102_064608_740380 865fb9c 505ec40 file2json() loading JSON file config/zkevm/zkevm.verkey.json
20250102_064608_741393 865fb9c 505ec40 file2json() loading JSON file config/c12a/c12a.verkey.json
20250102_064608_742377 865fb9c 505ec40 file2json() loading JSON file config/recursive1/recursive1.verkey.json
20250102_064608_743447 865fb9c 505ec40 file2json() loading JSON file config/recursive2/recursive2.verkey.json
20250102_064608_744575 865fb9c 505ec40 <-- SAVE_PUBLICS_JSON_BATCH_PROOF done: 0.004194 s
20250102_064608_744583 865fb9c 505ec40 --> STARK_PROOF_BATCH_PROOF starting...
20250102_064608_747748 865fb9c 505ec40 --> STARK_INITIALIZATION starting...
20250102_064608_748831 865fb9c 505ec40 <-- STARK_INITIALIZATION done: 0.001080 s
20250102_064608_748838 865fb9c 505ec40 --> STARK_STEP_1 starting...
20250102_064608_748840 865fb9c 505ec40 --> STARK_STEP_1_LDE_AND_MERKLETREE starting...
20250102_064608_748841 865fb9c 505ec40 --> STARK_STEP_1_LDE starting...
20250102_064723_120991 865fb9c 505ec40 <-- STARK_STEP_1_LDE done: 74.372128 s
20250102_064723_121019 865fb9c 505ec40 --> STARK_STEP_1_MERKLETREE starting...
20250102_064909_425824 865fb9c 505ec40 <-- STARK_STEP_1_MERKLETREE done: 106.304781 s
20250102_064909_425859 865fb9c 505ec40 MerkleTree rootGL 0: [ 11257821912000142459 7924082320751598621 8852601202253652565 9919711674129469081 ]
20250102_064909_425864 865fb9c 505ec40 <-- STARK_STEP_1_LDE_AND_MERKLETREE done: 180.677023 s
20250102_064909_425868 865fb9c 505ec40 <-- STARK_STEP_1 done: 180.677028 s
20250102_064909_425870 865fb9c 505ec40 --> STARK_STEP_2 starting...
20250102_064909_425875 865fb9c 505ec40 --> STARK_STEP_2_CALCULATE_EXPS starting...
20250102_064933_341486 865fb9c 505ec40 <-- STARK_STEP_2_CALCULATE_EXPS done: 23.915592 s
20250102_064933_341517 865fb9c 505ec40 --> STARK_STEP_2_CALCULATEH1H2_TRANSPOSE starting...
20250102_064935_630511 865fb9c 505ec40 <-- STARK_STEP_2_CALCULATEH1H2_TRANSPOSE done: 2.288977 s
20250102_064935_630540 865fb9c 505ec40 --> STARK_STEP_2_CALCULATEH1H2 starting...
20250102_064944_512642 865fb9c 505ec40 <-- STARK_STEP_2_CALCULATEH1H2 done: 8.882075 s
20250102_064944_512680 865fb9c 505ec40 --> STARK_STEP_2_CALCULATEH1H2_TRANSPOSE_2 starting...
20250102_064945_251582 865fb9c 505ec40 <-- STARK_STEP_2_CALCULATEH1H2_TRANSPOSE_2 done: 0.738884 s
20250102_064945_251632 865fb9c 505ec40 --> STARK_STEP_2_LDE_AND_MERKLETREE starting...
20250102_064945_251635 865fb9c 505ec40 --> STARK_STEP_2_LDE starting...
20250102_065009_068385 865fb9c 505ec40 <-- STARK_STEP_2_LDE done: 23.816723 s
20250102_065009_068487 865fb9c 505ec40 --> STARK_STEP_2_MERKLETREE starting...
20250102_065031_533942 865fb9c 505ec40 <-- STARK_STEP_2_MERKLETREE done: 22.465409 s
20250102_065031_534072 865fb9c 505ec40 MerkleTree rootGL 1: [ 14400120374760655197 5266708861692517721 6807139562250581917 1066134597868512093 ]
20250102_065031_534131 865fb9c 505ec40 <-- STARK_STEP_2_LDE_AND_MERKLETREE done: 46.282496 s
20250102_065031_534161 865fb9c 505ec40 <-- STARK_STEP_2 done: 82.108289 s
20250102_065031_534185 865fb9c 505ec40 --> STARK_STEP_3 starting...
20250102_065031_534220 865fb9c 505ec40 --> STARK_STEP_3_CALCULATE_EXPS starting...
20250102_065048_433570 865fb9c 505ec40 <-- STARK_STEP_3_CALCULATE_EXPS done: 16.899329 s
20250102_065048_433609 865fb9c 505ec40 --> STARK_STEP_3_CALCULATE_Z_TRANSPOSE starting...
20250102_065048_711028 865fb9c 505ec40 <-- STARK_STEP_3_CALCULATE_Z_TRANSPOSE done: 0.277399 s
20250102_065048_711066 865fb9c 505ec40 --> STARK_STEP_3_CALCULATE_Z starting...
20250102_065052_457404 865fb9c 505ec40 <-- STARK_STEP_3_CALCULATE_Z done: 3.746318 s
20250102_065052_457424 865fb9c 505ec40 --> STARK_STEP_3_CALCULATE_Z_TRANSPOSE_2 starting...
20250102_065053_105897 865fb9c 505ec40 <-- STARK_STEP_3_CALCULATE_Z_TRANSPOSE_2 done: 0.648454 s
20250102_065053_105931 865fb9c 505ec40 --> STARK_STEP_3_LDE_AND_MERKLETREE starting...
20250102_065053_105933 865fb9c 505ec40 --> STARK_STEP_3_LDE starting...
20250102_065117_984868 865fb9c 505ec40 <-- STARK_STEP_3_LDE done: 24.878914 s
20250102_065117_984898 865fb9c 505ec40 --> STARK_STEP_3_MERKLETREE starting...
20250102_065201_626237 865fb9c 505ec40 <-- STARK_STEP_3_MERKLETREE done: 43.641317 s
20250102_065201_626282 865fb9c 505ec40 MerkleTree rootGL 2: [ 4766222117821971161 1030308695355016750 9684439920062205513 16857205744017969249 ]
20250102_065201_626287 865fb9c 505ec40 <-- STARK_STEP_3_LDE_AND_MERKLETREE done: 68.520356 s
20250102_065201_626291 865fb9c 505ec40 <-- STARK_STEP_3 done: 90.092105 s
20250102_065201_626294 865fb9c 505ec40 --> STARK_STEP_1_RECALCULATING_LDE starting...
20250102_065335_651387 865fb9c 505ec40 <-- STARK_STEP_1_RECALCULATING_LDE done: 94.025073 s
20250102_065335_651490 865fb9c 505ec40 --> STARK_STEP_2_RECALCULATING_LDE starting...
20250102_065351_114745 865fb9c 505ec40 <-- STARK_STEP_2_RECALCULATING_LDE done: 15.463232 s
20250102_065351_114782 865fb9c 505ec40 --> STARK_STEP_4 starting...
20250102_065351_114785 865fb9c 505ec40 --> STARK_STEP_4_INIT starting...
20250102_065351_114795 865fb9c 505ec40 <-- STARK_STEP_4_INIT done: 0.000009 s
20250102_065351_114797 865fb9c 505ec40 --> STARK_STEP_4_CALCULATE_EXPS starting...
20250102_065450_566260 865fb9c 505ec40 <-- STARK_STEP_4_CALCULATE_EXPS done: 59.451442 s
20250102_065450_566288 865fb9c 505ec40 --> STARK_STEP_4_CALCULATE_EXPS_2NS_INTT starting...
20250102_065452_101602 865fb9c 505ec40 <-- STARK_STEP_4_CALCULATE_EXPS_2NS_INTT done: 1.535283 s
20250102_065452_101634 865fb9c 505ec40 --> STARK_STEP_4_CALCULATE_EXPS_2NS_MUL starting...
20250102_065453_729234 865fb9c 505ec40 <-- STARK_STEP_4_CALCULATE_EXPS_2NS_MUL done: 1.627580 s
20250102_065453_729261 865fb9c 505ec40 --> STARK_STEP_4_CALCULATE_EXPS_2NS_NTT starting...
20250102_065454_507107 865fb9c 505ec40 <-- STARK_STEP_4_CALCULATE_EXPS_2NS_NTT done: 0.777825 s
20250102_065454_507137 865fb9c 505ec40 --> STARK_STEP_4_MERKLETREE starting...
20250102_065456_990206 865fb9c 505ec40 MerkleTree rootGL 3: [ 3076745975044436288 197776465253091507 8440696677178297983 10314277213709536886 ]
20250102_065456_990245 865fb9c 505ec40 <-- STARK_STEP_4_MERKLETREE done: 2.483103 s
20250102_065456_990251 865fb9c 505ec40 <-- STARK_STEP_4 done: 65.875467 s
20250102_065456_990253 865fb9c 505ec40 --> STARK_STEP_5 starting...
20250102_065456_990255 865fb9c 505ec40 --> STARK_STEP_5_LEv_LpEv starting...
20250102_065458_692928 865fb9c 505ec40 <-- STARK_STEP_5_LEv_LpEv done: 1.702654 s
20250102_065458_693036 865fb9c 505ec40 --> STARK_STEP_5_EVMAP starting...
20250102_065512_818577 865fb9c 505ec40 <-- STARK_STEP_5_EVMAP done: 14.125522 s
20250102_065512_818697 865fb9c 505ec40 --> STARK_STEP_5_XDIVXSUB starting...
20250102_065514_478486 865fb9c 505ec40 <-- STARK_STEP_5_XDIVXSUB done: 1.659767 s
20250102_065514_478658 865fb9c 505ec40 --> STARK_STEP_5_CALCULATE_EXPS starting...
20250102_065541_391422 865fb9c 505ec40 <-- STARK_STEP_5_CALCULATE_EXPS done: 26.912743 s
20250102_065541_391453 865fb9c 505ec40 <-- STARK_STEP_5 done: 44.401199 s
20250102_065541_391456 865fb9c 505ec40 --> STARK_STEP_FRI starting...
20250102_065543_025826 865fb9c 505ec40 rootGL[1]: 15375911505009618061 17588019562531561803 13614539677990069480 1429963560467143143
20250102_065543_550655 865fb9c 505ec40 rootGL[2]: 2200701784955743605 10084040261654511758 6834732389716430136 5028577010419484773
20250102_065543_582275 865fb9c 505ec40 rootGL[3]: 14708290912145732409 17201795386094699890 11498083311731979707 11242630688755138344
20250102_065543_583819 865fb9c 505ec40 rootGL[4]: 10703935209568362563 14182503165035717914 3114946016210288813 7330857617664268681
20250102_065543_584128 865fb9c 505ec40 rootGL[5]: 34493536607308137 16245500961158489256 17280199552984280503 6689036293374600456
20250102_065543_996924 865fb9c 505ec40 <-- STARK_STEP_FRI done: 2.605448 s
20250102_065543_997035 865fb9c 505ec40 <-- STARK_PROOF_BATCH_PROOF done: 575.252447 s
20250102_065543_997061 865fb9c 505ec40 --> STARK_GEN_AND_CALC_WITNESS_C12A starting...
20250102_065543_997077 865fb9c 505ec40 --> STARK_JSON_GENERATION_BATCH_PROOF starting...
20250102_065544_475654 865fb9c 505ec40 <-- STARK_JSON_GENERATION_BATCH_PROOF done: 0.478557 s
20250102_065544_475687 865fb9c 505ec40 --> CIRCOM_LOAD_CIRCUIT_BATCH_PROOF_ZKEVM starting...
20250102_065544_535515 865fb9c 505ec40 <-- CIRCOM_LOAD_CIRCUIT_BATCH_PROOF_ZKEVM done: 0.059805 s
20250102_065544_535541 865fb9c 505ec40 --> CIRCOM_LOAD_JSON_BATCH_PROOF starting...
20250102_065546_763468 865fb9c 505ec40 <-- CIRCOM_LOAD_JSON_BATCH_PROOF done: 2.227914 s
20250102_065546_763497 865fb9c 505ec40 --> STARK_WITNESS_AND_COMMITED_POLS_BATCH_PROOF starting...
20250102_065547_215216 865fb9c 505ec40 <-- STARK_WITNESS_AND_COMMITED_POLS_BATCH_PROOF done: 0.451696 s
20250102_065547_242463 865fb9c 505ec40 <-- STARK_GEN_AND_CALC_WITNESS_C12A done: 3.245393 s
20250102_065547_242479 865fb9c 505ec40 --> STARK_C12_A_PROOF_BATCH_PROOF starting...
20250102_065547_243376 865fb9c 505ec40 --> STARK_INITIALIZATION starting...
20250102_065547_243413 865fb9c 505ec40 <-- STARK_INITIALIZATION done: 0.000035 s
20250102_065547_243415 865fb9c 505ec40 --> STARK_STEP_1 starting...
20250102_065547_243417 865fb9c 505ec40 --> STARK_STEP_1_LDE_AND_MERKLETREE starting...
20250102_065547_243418 865fb9c 505ec40 --> STARK_STEP_1_LDE starting...
20250102_065547_398823 865fb9c 505ec40 <-- STARK_STEP_1_LDE done: 0.155382 s
20250102_065547_398857 865fb9c 505ec40 --> STARK_STEP_1_MERKLETREE starting...
20250102_065547_854789 865fb9c 505ec40 <-- STARK_STEP_1_MERKLETREE done: 0.455919 s
20250102_065547_854816 865fb9c 505ec40 MerkleTree rootGL 0: [ 15169401374984505224 12463412489343124167 294565997542311761 14178640566172330907 ]
20250102_065547_854821 865fb9c 505ec40 <-- STARK_STEP_1_LDE_AND_MERKLETREE done: 0.611403 s
20250102_065547_854823 865fb9c 505ec40 <-- STARK_STEP_1 done: 0.611407 s
20250102_065547_854825 865fb9c 505ec40 --> STARK_STEP_2 starting...
20250102_065547_854830 865fb9c 505ec40 --> STARK_STEP_2_CALCULATE_EXPS starting...
20250102_065547_861296 865fb9c 505ec40 <-- STARK_STEP_2_CALCULATE_EXPS done: 0.006460 s
20250102_065547_861310 865fb9c 505ec40 --> STARK_STEP_2_CALCULATEH1H2_TRANSPOSE starting...
20250102_065547_861347 865fb9c 505ec40 <-- STARK_STEP_2_CALCULATEH1H2_TRANSPOSE done: 0.000036 s
20250102_065547_861349 865fb9c 505ec40 --> STARK_STEP_2_CALCULATEH1H2 starting...
20250102_065547_861355 865fb9c 505ec40 <-- STARK_STEP_2_CALCULATEH1H2 done: 0.000006 s
20250102_065547_861358 865fb9c 505ec40 --> STARK_STEP_2_CALCULATEH1H2_TRANSPOSE_2 starting...
20250102_065547_861374 865fb9c 505ec40 <-- STARK_STEP_2_CALCULATEH1H2_TRANSPOSE_2 done: 0.000016 s
20250102_065547_861377 865fb9c 505ec40 --> STARK_STEP_2_LDE_AND_MERKLETREE starting...
20250102_065547_861379 865fb9c 505ec40 --> STARK_STEP_2_LDE starting...
20250102_065547_881198 865fb9c 505ec40 <-- STARK_STEP_2_LDE done: 0.019811 s
20250102_065547_881286 865fb9c 505ec40 --> STARK_STEP_2_MERKLETREE starting...
20250102_065547_952822 865fb9c 505ec40 <-- STARK_STEP_2_MERKLETREE done: 0.071529 s
20250102_065547_952909 865fb9c 505ec40 MerkleTree rootGL 1: [ 10074982884687544941 4177217016749721471 4797356481048217516 6983283665462696061 ]
20250102_065547_952952 865fb9c 505ec40 <-- STARK_STEP_2_LDE_AND_MERKLETREE done: 0.091573 s
20250102_065547_952998 865fb9c 505ec40 <-- STARK_STEP_2 done: 0.098170 s
20250102_065547_953042 865fb9c 505ec40 --> STARK_STEP_3 starting...
20250102_065547_953081 865fb9c 505ec40 --> STARK_STEP_3_CALCULATE_EXPS starting...
20250102_065547_999603 865fb9c 505ec40 <-- STARK_STEP_3_CALCULATE_EXPS done: 0.046502 s
20250102_065547_999704 865fb9c 505ec40 --> STARK_STEP_3_CALCULATE_Z_TRANSPOSE starting...
20250102_065547_999756 865fb9c 505ec40 <-- STARK_STEP_3_CALCULATE_Z_TRANSPOSE done: 0.000051 s
20250102_065547_999799 865fb9c 505ec40 --> STARK_STEP_3_CALCULATE_Z starting...
20250102_065548_178714 865fb9c 505ec40 <-- STARK_STEP_3_CALCULATE_Z done: 0.178910 s
20250102_065548_178787 865fb9c 505ec40 --> STARK_STEP_3_CALCULATE_Z_TRANSPOSE_2 starting...
20250102_065548_186695 865fb9c 505ec40 <-- STARK_STEP_3_CALCULATE_Z_TRANSPOSE_2 done: 0.007904 s
20250102_065548_186762 865fb9c 505ec40 --> STARK_STEP_3_LDE_AND_MERKLETREE starting...
20250102_065548_186797 865fb9c 505ec40 --> STARK_STEP_3_LDE starting...
20250102_065548_802704 865fb9c 505ec40 <-- STARK_STEP_3_LDE done: 0.615886 s
20250102_065548_802840 865fb9c 505ec40 --> STARK_STEP_3_MERKLETREE starting...
20250102_065549_509925 865fb9c 505ec40 <-- STARK_STEP_3_MERKLETREE done: 0.707064 s
20250102_065549_510051 865fb9c 505ec40 MerkleTree rootGL 2: [ 10110141039773966263 10677715249273430827 5708444943999480094 7973098726427792488 ]
20250102_065549_510086 865fb9c 505ec40 <-- STARK_STEP_3_LDE_AND_MERKLETREE done: 1.323322 s
20250102_065549_510117 865fb9c 505ec40 <-- STARK_STEP_3 done: 1.557074 s
20250102_065549_510152 865fb9c 505ec40 --> STARK_STEP_4 starting...
20250102_065549_510189 865fb9c 505ec40 --> STARK_STEP_4_INIT starting...
20250102_065549_510232 865fb9c 505ec40 <-- STARK_STEP_4_INIT done: 0.000041 s
20250102_065549_510269 865fb9c 505ec40 --> STARK_STEP_4_CALCULATE_EXPS starting...
20250102_065549_813621 865fb9c 505ec40 <-- STARK_STEP_4_CALCULATE_EXPS done: 0.303335 s
20250102_065549_813746 865fb9c 505ec40 --> STARK_STEP_4_CALCULATE_EXPS_2NS_INTT starting...
20250102_065549_852723 865fb9c 505ec40 <-- STARK_STEP_4_CALCULATE_EXPS_2NS_INTT done: 0.038952 s
20250102_065549_852857 865fb9c 505ec40 --> STARK_STEP_4_CALCULATE_EXPS_2NS_MUL starting...
20250102_065549_877222 865fb9c 505ec40 <-- STARK_STEP_4_CALCULATE_EXPS_2NS_MUL done: 0.024341 s
20250102_065549_877361 865fb9c 505ec40 --> STARK_STEP_4_CALCULATE_EXPS_2NS_NTT starting...
20250102_065550_010735 865fb9c 505ec40 <-- STARK_STEP_4_CALCULATE_EXPS_2NS_NTT done: 0.133350 s
20250102_065550_010855 865fb9c 505ec40 --> STARK_STEP_4_MERKLETREE starting...
20250102_065550_219542 865fb9c 505ec40 MerkleTree rootGL 3: [ 101602067934036222 11118201665452260652 6203826382427552051 5425990694694116097 ]
20250102_065550_219678 865fb9c 505ec40 <-- STARK_STEP_4_MERKLETREE done: 0.208820 s
20250102_065550_219715 865fb9c 505ec40 <-- STARK_STEP_4 done: 0.709562 s
20250102_065550_219747 865fb9c 505ec40 --> STARK_STEP_5 starting...
20250102_065550_219777 865fb9c 505ec40 --> STARK_STEP_5_LEv_LpEv starting...
20250102_065550_286782 865fb9c 505ec40 <-- STARK_STEP_5_LEv_LpEv done: 0.066998 s
20250102_065550_286862 865fb9c 505ec40 --> STARK_STEP_5_EVMAP starting...
20250102_065550_320189 865fb9c 505ec40 <-- STARK_STEP_5_EVMAP done: 0.033310 s
20250102_065550_320309 865fb9c 505ec40 --> STARK_STEP_5_XDIVXSUB starting...
20250102_065550_451595 865fb9c 505ec40 <-- STARK_STEP_5_XDIVXSUB done: 0.131255 s
20250102_065550_451720 865fb9c 505ec40 --> STARK_STEP_5_CALCULATE_EXPS starting...
20250102_065550_567983 865fb9c 505ec40 <-- STARK_STEP_5_CALCULATE_EXPS done: 0.116247 s
20250102_065550_568101 865fb9c 505ec40 <-- STARK_STEP_5 done: 0.348353 s
20250102_065550_568126 865fb9c 505ec40 --> STARK_STEP_FRI starting...
20250102_065550_663936 865fb9c 505ec40 rootGL[1]: 16539862871338488693 9161169979651549421 12674637202222360216 1245676080736281188
20250102_065550_692836 865fb9c 505ec40 rootGL[2]: 6773034107942072358 17053914724287608009 7002958155428473502 5123288052653184483
20250102_065550_694320 865fb9c 505ec40 rootGL[3]: 307831938595120098 13360874478646307643 1774121359666682869 11315758431325000574
20250102_065550_694627 865fb9c 505ec40 rootGL[4]: 6926036988379715006 14840225260091908661 12090225028728334388 7024736909265597229
20250102_065550_733218 865fb9c 505ec40 <-- STARK_STEP_FRI done: 0.165084 s
20250102_065550_733280 865fb9c 505ec40 <-- STARK_C12_A_PROOF_BATCH_PROOF done: 3.490799 s
20250102_065550_733323 865fb9c 505ec40 --> STARK_JSON_GENERATION_BATCH_PROOF_C12A starting...
20250102_065550_821450 865fb9c 505ec40 <-- STARK_JSON_GENERATION_BATCH_PROOF_C12A done: 0.088120 s
20250102_065550_821538 865fb9c 505ec40 --> CIRCOM_LOAD_CIRCUIT_BATCH_PROOF_RECURSIVE1 starting...
20250102_065550_828726 865fb9c 505ec40 <-- CIRCOM_LOAD_CIRCUIT_BATCH_PROOF_RECURSIVE1 done: 0.007189 s
20250102_065550_828808 865fb9c 505ec40 --> CIRCOM_LOAD_JSON_BATCH_PROOF starting...
20250102_065551_248090 865fb9c 505ec40 <-- CIRCOM_LOAD_JSON_BATCH_PROOF done: 0.419274 s
20250102_065551_248123 865fb9c 505ec40 --> STARK_WITNESS_AND_COMMITED_POLS_BATCH_PROOF starting...
20250102_065551_307446 865fb9c 505ec40 <-- STARK_WITNESS_AND_COMMITED_POLS_BATCH_PROOF done: 0.059305 s
20250102_065551_311664 865fb9c 505ec40 --> STARK_RECURSIVE_1_PROOF_BATCH_PROOF starting...
20250102_065551_311795 865fb9c 505ec40 --> STARK_INITIALIZATION starting...
20250102_065551_311835 865fb9c 505ec40 <-- STARK_INITIALIZATION done: 0.000042 s
20250102_065551_311839 865fb9c 505ec40 --> STARK_STEP_1 starting...
20250102_065551_311841 865fb9c 505ec40 --> STARK_STEP_1_LDE_AND_MERKLETREE starting...
20250102_065551_311843 865fb9c 505ec40 --> STARK_STEP_1_LDE starting...
20250102_065551_359936 865fb9c 505ec40 <-- STARK_STEP_1_LDE done: 0.048072 s
20250102_065551_359969 865fb9c 505ec40 --> STARK_STEP_1_MERKLETREE starting...
20250102_065551_447975 865fb9c 505ec40 <-- STARK_STEP_1_MERKLETREE done: 0.088000 s
20250102_065551_447994 865fb9c 505ec40 MerkleTree rootGL 0: [ 14429379806852368125 6720161496239514882 4926387751154637192 12118888765335690968 ]
20250102_065551_448001 865fb9c 505ec40 <-- STARK_STEP_1_LDE_AND_MERKLETREE done: 0.136158 s
20250102_065551_448004 865fb9c 505ec40 <-- STARK_STEP_1 done: 0.136164 s
20250102_065551_448006 865fb9c 505ec40 --> STARK_STEP_2 starting...
20250102_065551_448009 865fb9c 505ec40 --> STARK_STEP_2_CALCULATE_EXPS starting...
20250102_065551_453931 865fb9c 505ec40 <-- STARK_STEP_2_CALCULATE_EXPS done: 0.005919 s
20250102_065551_454004 865fb9c 505ec40 --> STARK_STEP_2_CALCULATEH1H2_TRANSPOSE starting...
20250102_065551_454158 865fb9c 505ec40 <-- STARK_STEP_2_CALCULATEH1H2_TRANSPOSE done: 0.000154 s
20250102_065551_454221 865fb9c 505ec40 --> STARK_STEP_2_CALCULATEH1H2 starting...
20250102_065551_454291 865fb9c 505ec40 <-- STARK_STEP_2_CALCULATEH1H2 done: 0.000069 s
20250102_065551_454358 865fb9c 505ec40 --> STARK_STEP_2_CALCULATEH1H2_TRANSPOSE_2 starting...
20250102_065551_454435 865fb9c 505ec40 <-- STARK_STEP_2_CALCULATEH1H2_TRANSPOSE_2 done: 0.000075 s
20250102_065551_454501 865fb9c 505ec40 --> STARK_STEP_2_LDE_AND_MERKLETREE starting...
20250102_065551_454555 865fb9c 505ec40 --> STARK_STEP_2_LDE starting...
20250102_065551_459916 865fb9c 505ec40 <-- STARK_STEP_2_LDE done: 0.005359 s
20250102_065551_459985 865fb9c 505ec40 --> STARK_STEP_2_MERKLETREE starting...
20250102_065551_478993 865fb9c 505ec40 <-- STARK_STEP_2_MERKLETREE done: 0.019005 s
20250102_065551_479082 865fb9c 505ec40 MerkleTree rootGL 1: [ 4869072528223352863 6275850450145071959 8159689720148436485 8979985763136073723 ]
20250102_065551_479153 865fb9c 505ec40 <-- STARK_STEP_2_LDE_AND_MERKLETREE done: 0.024651 s
20250102_065551_479222 865fb9c 505ec40 <-- STARK_STEP_2 done: 0.031216 s
20250102_065551_479294 865fb9c 505ec40 --> STARK_STEP_3 starting...
20250102_065551_479368 865fb9c 505ec40 --> STARK_STEP_3_CALCULATE_EXPS starting...
20250102_065551_484463 865fb9c 505ec40 <-- STARK_STEP_3_CALCULATE_EXPS done: 0.005091 s
20250102_065551_484474 865fb9c 505ec40 --> STARK_STEP_3_CALCULATE_Z_TRANSPOSE starting...
20250102_065551_484486 865fb9c 505ec40 <-- STARK_STEP_3_CALCULATE_Z_TRANSPOSE done: 0.000010 s
20250102_065551_484488 865fb9c 505ec40 --> STARK_STEP_3_CALCULATE_Z starting...
20250102_065551_507208 865fb9c 505ec40 <-- STARK_STEP_3_CALCULATE_Z done: 0.022718 s
20250102_065551_507249 865fb9c 505ec40 --> STARK_STEP_3_CALCULATE_Z_TRANSPOSE_2 starting...
20250102_065551_507569 865fb9c 505ec40 <-- STARK_STEP_3_CALCULATE_Z_TRANSPOSE_2 done: 0.000319 s
20250102_065551_507631 865fb9c 505ec40 --> STARK_STEP_3_LDE_AND_MERKLETREE starting...
20250102_065551_507656 865fb9c 505ec40 --> STARK_STEP_3_LDE starting...
20250102_065551_600479 865fb9c 505ec40 <-- STARK_STEP_3_LDE done: 0.092789 s
20250102_065551_600692 865fb9c 505ec40 --> STARK_STEP_3_MERKLETREE starting...
20250102_065551_703515 865fb9c 505ec40 <-- STARK_STEP_3_MERKLETREE done: 0.102814 s
20250102_065551_703580 865fb9c 505ec40 MerkleTree rootGL 2: [ 4046794692257238848 11971505137134189945 7453250168039886385 16488947261950263262 ]
20250102_065551_703632 865fb9c 505ec40 <-- STARK_STEP_3_LDE_AND_MERKLETREE done: 0.196000 s
20250102_065551_703658 865fb9c 505ec40 <-- STARK_STEP_3 done: 0.224364 s
20250102_065551_703684 865fb9c 505ec40 --> STARK_STEP_4 starting...
20250102_065551_703714 865fb9c 505ec40 --> STARK_STEP_4_INIT starting...
20250102_065551_703759 865fb9c 505ec40 <-- STARK_STEP_4_INIT done: 0.000044 s
20250102_065551_703795 865fb9c 505ec40 --> STARK_STEP_4_CALCULATE_EXPS starting...
20250102_065551_799721 865fb9c 505ec40 <-- STARK_STEP_4_CALCULATE_EXPS done: 0.095913 s
20250102_065551_799808 865fb9c 505ec40 --> STARK_STEP_4_CALCULATE_EXPS_2NS_INTT starting...
20250102_065551_818700 865fb9c 505ec40 <-- STARK_STEP_4_CALCULATE_EXPS_2NS_INTT done: 0.018885 s
20250102_065551_818772 865fb9c 505ec40 --> STARK_STEP_4_CALCULATE_EXPS_2NS_MUL starting...
20250102_065551_838802 865fb9c 505ec40 <-- STARK_STEP_4_CALCULATE_EXPS_2NS_MUL done: 0.020025 s
20250102_065551_838859 865fb9c 505ec40 --> STARK_STEP_4_CALCULATE_EXPS_2NS_NTT starting...
20250102_065551_898111 865fb9c 505ec40 <-- STARK_STEP_4_CALCULATE_EXPS_2NS_NTT done: 0.059236 s
20250102_065551_898212 865fb9c 505ec40 --> STARK_STEP_4_MERKLETREE starting...
20250102_065551_969205 865fb9c 505ec40 MerkleTree rootGL 3: [ 703517280984300977 1700795529394796026 6416776326414372205 1501324481385424596 ]
20250102_065551_969265 865fb9c 505ec40 <-- STARK_STEP_4_MERKLETREE done: 0.071051 s
20250102_065551_969293 865fb9c 505ec40 <-- STARK_STEP_4 done: 0.265608 s
20250102_065551_969322 865fb9c 505ec40 --> STARK_STEP_5 starting...
20250102_065551_969351 865fb9c 505ec40 --> STARK_STEP_5_LEv_LpEv starting...
20250102_065551_985484 865fb9c 505ec40 <-- STARK_STEP_5_LEv_LpEv done: 0.016130 s
20250102_065551_985534 865fb9c 505ec40 --> STARK_STEP_5_EVMAP starting...
20250102_065551_989517 865fb9c 505ec40 <-- STARK_STEP_5_EVMAP done: 0.003980 s
20250102_065551_989563 865fb9c 505ec40 --> STARK_STEP_5_XDIVXSUB starting...
20250102_065552_048466 865fb9c 505ec40 <-- STARK_STEP_5_XDIVXSUB done: 0.058886 s
20250102_065552_048563 865fb9c 505ec40 --> STARK_STEP_5_CALCULATE_EXPS starting...
20250102_065552_069950 865fb9c 505ec40 <-- STARK_STEP_5_CALCULATE_EXPS done: 0.021375 s
20250102_065552_070071 865fb9c 505ec40 <-- STARK_STEP_5 done: 0.100746 s
20250102_065552_070099 865fb9c 505ec40 --> STARK_STEP_FRI starting...
20250102_065552_095702 865fb9c 505ec40 rootGL[1]: 10271849173291740904 4094207628165747481 15958173821782301560 2702875506302989315
20250102_065552_102983 865fb9c 505ec40 rootGL[2]: 16760661555869337559 17870196388342399856 15954534755200051439 11045878676971907273
20250102_065552_103490 865fb9c 505ec40 rootGL[3]: 10714200896763203628 58593756799800468 3538024690157114214 15238561825823363711
20250102_065552_103734 865fb9c 505ec40 rootGL[4]: 17746750003631602794 12009546243579474960 7983829675706730445 13575207717221643202
20250102_065552_116790 865fb9c 505ec40 <-- STARK_STEP_FRI done: 0.046684 s
20250102_065552_116851 865fb9c 505ec40 <-- STARK_RECURSIVE_1_PROOF_BATCH_PROOF done: 0.805185 s
20250102_065552_116876 865fb9c 505ec40 --> SAVE_PROOF starting...
20250102_065552_204629 865fb9c 505ec40 <-- SAVE_PROOF done: 0.087747 s
20250102_065552_341741 865fb9c 505ec40 <-- PROVER_BATCH_PROOF done: 660.300080 s
